<?xml version="1.0" encoding="UTF-8"?>
<testsuite name="com.accreditation.UserAccreditationApplicationTests" tests="1" skipped="0" failures="0" errors="0" timestamp="2022-05-03T14:32:25" hostname="paulo" time="0.102">
  <properties/>
  <testcase name="contextLoads()" classname="com.accreditation.UserAccreditationApplicationTests" time="0.102"/>
  <system-out><![CDATA[11:32:23.793 [Test worker] DEBUG org.springframework.test.context.BootstrapUtils - Instantiating CacheAwareContextLoaderDelegate from class [org.springframework.test.context.cache.DefaultCacheAwareContextLoaderDelegate]
11:32:23.801 [Test worker] DEBUG org.springframework.test.context.BootstrapUtils - Instantiating BootstrapContext using constructor [public org.springframework.test.context.support.DefaultBootstrapContext(java.lang.Class,org.springframework.test.context.CacheAwareContextLoaderDelegate)]
11:32:23.825 [Test worker] DEBUG org.springframework.test.context.BootstrapUtils - Instantiating TestContextBootstrapper for test class [com.accreditation.UserAccreditationApplicationTests] from class [org.springframework.boot.test.context.SpringBootTestContextBootstrapper]
11:32:23.832 [Test worker] INFO org.springframework.boot.test.context.SpringBootTestContextBootstrapper - Neither @ContextConfiguration nor @ContextHierarchy found for test class [com.accreditation.UserAccreditationApplicationTests], using SpringBootContextLoader
11:32:23.834 [Test worker] DEBUG org.springframework.test.context.support.AbstractContextLoader - Did not detect default resource location for test class [com.accreditation.UserAccreditationApplicationTests]: class path resource [com/accreditation/UserAccreditationApplicationTests-context.xml] does not exist
11:32:23.834 [Test worker] DEBUG org.springframework.test.context.support.AbstractContextLoader - Did not detect default resource location for test class [com.accreditation.UserAccreditationApplicationTests]: class path resource [com/accreditation/UserAccreditationApplicationTestsContext.groovy] does not exist
11:32:23.834 [Test worker] INFO org.springframework.test.context.support.AbstractContextLoader - Could not detect default resource locations for test class [com.accreditation.UserAccreditationApplicationTests]: no resource found for suffixes {-context.xml, Context.groovy}.
11:32:23.834 [Test worker] INFO org.springframework.test.context.support.AnnotationConfigContextLoaderUtils - Could not detect default configuration classes for test class [com.accreditation.UserAccreditationApplicationTests]: UserAccreditationApplicationTests does not declare any static, non-private, non-final, nested classes annotated with @Configuration.
11:32:23.867 [Test worker] DEBUG org.springframework.test.context.support.ActiveProfilesUtils - Could not find an 'annotation declaring class' for annotation type [org.springframework.test.context.ActiveProfiles] and class [com.accreditation.UserAccreditationApplicationTests]
11:32:23.899 [Test worker] DEBUG org.springframework.context.annotation.ClassPathScanningCandidateComponentProvider - Identified candidate component class: file [/home/paulo/source/personal/user-accreditation/build/classes/java/main/com/accreditation/UserAccreditationApplication.class]
11:32:23.899 [Test worker] INFO org.springframework.boot.test.context.SpringBootTestContextBootstrapper - Found @SpringBootConfiguration com.accreditation.UserAccreditationApplication for test class com.accreditation.UserAccreditationApplicationTests
11:32:23.952 [Test worker] DEBUG org.springframework.boot.test.context.SpringBootTestContextBootstrapper - @TestExecutionListeners is not present for class [com.accreditation.UserAccreditationApplicationTests]: using defaults.
11:32:23.952 [Test worker] INFO org.springframework.boot.test.context.SpringBootTestContextBootstrapper - Loaded default TestExecutionListener class names from location [META-INF/spring.factories]: [org.springframework.boot.test.autoconfigure.restdocs.RestDocsTestExecutionListener, org.springframework.boot.test.autoconfigure.web.client.MockRestServiceServerResetTestExecutionListener, org.springframework.boot.test.autoconfigure.web.servlet.MockMvcPrintOnlyOnFailureTestExecutionListener, org.springframework.boot.test.autoconfigure.web.servlet.WebDriverTestExecutionListener, org.springframework.boot.test.autoconfigure.webservices.client.MockWebServiceServerTestExecutionListener, org.springframework.boot.test.mock.mockito.MockitoTestExecutionListener, org.springframework.boot.test.mock.mockito.ResetMocksTestExecutionListener, org.springframework.test.context.web.ServletTestExecutionListener, org.springframework.test.context.support.DirtiesContextBeforeModesTestExecutionListener, org.springframework.test.context.event.ApplicationEventsTestExecutionListener, org.springframework.test.context.support.DependencyInjectionTestExecutionListener, org.springframework.test.context.support.DirtiesContextTestExecutionListener, org.springframework.test.context.transaction.TransactionalTestExecutionListener, org.springframework.test.context.jdbc.SqlScriptsTestExecutionListener, org.springframework.test.context.event.EventPublishingTestExecutionListener]
11:32:23.958 [Test worker] DEBUG org.springframework.boot.test.context.SpringBootTestContextBootstrapper - Skipping candidate TestExecutionListener [org.springframework.test.context.transaction.TransactionalTestExecutionListener] due to a missing dependency. Specify custom listener classes or make the default listener classes and their required dependencies available. Offending class: [org/springframework/transaction/TransactionDefinition]
11:32:23.958 [Test worker] DEBUG org.springframework.boot.test.context.SpringBootTestContextBootstrapper - Skipping candidate TestExecutionListener [org.springframework.test.context.jdbc.SqlScriptsTestExecutionListener] due to a missing dependency. Specify custom listener classes or make the default listener classes and their required dependencies available. Offending class: [org/springframework/transaction/interceptor/TransactionAttribute]
11:32:23.958 [Test worker] INFO org.springframework.boot.test.context.SpringBootTestContextBootstrapper - Using TestExecutionListeners: [org.springframework.test.context.web.ServletTestExecutionListener@3b7d3a38, org.springframework.test.context.support.DirtiesContextBeforeModesTestExecutionListener@416c58f5, org.springframework.test.context.event.ApplicationEventsTestExecutionListener@5505ae1a, org.springframework.boot.test.mock.mockito.MockitoTestExecutionListener@73cd37c0, org.springframework.boot.test.autoconfigure.SpringBootDependencyInjectionTestExecutionListener@21337f7b, org.springframework.test.context.support.DirtiesContextTestExecutionListener@2bb3058, org.springframework.test.context.event.EventPublishingTestExecutionListener@7a362b6b, org.springframework.boot.test.autoconfigure.restdocs.RestDocsTestExecutionListener@60df60da, org.springframework.boot.test.autoconfigure.web.client.MockRestServiceServerResetTestExecutionListener@5a2d131d, org.springframework.boot.test.autoconfigure.web.servlet.MockMvcPrintOnlyOnFailureTestExecutionListener@14fc1f0, org.springframework.boot.test.autoconfigure.web.servlet.WebDriverTestExecutionListener@4ae9cfc1, org.springframework.boot.test.autoconfigure.webservices.client.MockWebServiceServerTestExecutionListener@512baff6, org.springframework.boot.test.mock.mockito.ResetMocksTestExecutionListener@632ceb35]
11:32:23.961 [Test worker] DEBUG org.springframework.test.context.support.AbstractDirtiesContextTestExecutionListener - Before test class: context [DefaultTestContext@3adcc812 testClass = UserAccreditationApplicationTests, testInstance = [null], testMethod = [null], testException = [null], mergedContextConfiguration = [WebMergedContextConfiguration@35432107 testClass = UserAccreditationApplicationTests, locations = '{}', classes = '{class com.accreditation.UserAccreditationApplication}', contextInitializerClasses = '[]', activeProfiles = '{}', propertySourceLocations = '{}', propertySourceProperties = '{org.springframework.boot.test.context.SpringBootTestContextBootstrapper=true}', contextCustomizers = set[org.springframework.boot.test.autoconfigure.actuate.metrics.MetricsExportContextCustomizerFactory$DisableMetricExportContextCustomizer@18271936, org.springframework.boot.test.autoconfigure.properties.PropertyMappingContextCustomizer@0, org.springframework.boot.test.autoconfigure.web.servlet.WebDriverContextCustomizerFactory$Customizer@2767e23c, org.springframework.boot.test.context.filter.ExcludeFilterContextCustomizer@14028087, org.springframework.boot.test.json.DuplicateJsonObjectContextCustomizerFactory$DuplicateJsonObjectContextCustomizer@7ce026d3, org.springframework.boot.test.mock.mockito.MockitoContextCustomizer@0, org.springframework.boot.test.web.client.TestRestTemplateContextCustomizer@76494737, org.springframework.boot.test.context.SpringBootTestArgs@1, org.springframework.boot.test.context.SpringBootTestWebEnvironment@add0edd], resourceBasePath = 'src/main/webapp', contextLoader = 'org.springframework.boot.test.context.SpringBootContextLoader', parent = [null]], attributes = map['org.springframework.test.context.web.ServletTestExecutionListener.activateListener' -> true]], class annotated with @DirtiesContext [false] with mode [null].

  .   ____          _            __ _ _
 /\\ / ___'_ __ _ _(_)_ __  __ _ \ \ \ \
( ( )\___ | '_ | '_| | '_ \/ _` | \ \ \ \
 \\/  ___)| |_)| | | | | || (_| |  ) ) ) )
  '  |____| .__|_| |_|_| |_\__, | / / / /
 =========|_|==============|___/=/_/_/_/
 :: Spring Boot ::                (v2.6.7)

2022-05-03 11:32:24.167  INFO 57838 --- [    Test worker] c.a.UserAccreditationApplicationTests    : Starting UserAccreditationApplicationTests using Java 1.8.0_275 on paulo with PID 57838 (started by paulo in /home/paulo/source/personal/user-accreditation)
2022-05-03 11:32:24.168  INFO 57838 --- [    Test worker] c.a.UserAccreditationApplicationTests    : No active profile set, falling back to 1 default profile: "default"
2022-05-03 11:32:25.591  INFO 57838 --- [    Test worker] c.a.UserAccreditationApplicationTests    : Started UserAccreditationApplicationTests in 1.604 seconds (JVM running for 2.295)
]]></system-out>
  <system-err><![CDATA[]]></system-err>
</testsuite>
